2019-06-25 09:20:21 - [main] - INFO  - com.wangwei.spring_init.SpringInitApplication:50 - Starting SpringInitApplication on wangweideMacBook-Pro.local with PID 31581 (/Users/wangwei/IdeaProjects/spring-study/spring_init/target/classes started by wangwei in /Users/wangwei/IdeaProjects/spring-study/spring_init)
2019-06-25 09:20:21 - [main] - DEBUG - com.wangwei.spring_init.SpringInitApplication:53 - Running with Spring Boot v2.1.6.RELEASE, Spring v5.1.8.RELEASE
2019-06-25 09:20:21 - [main] - INFO  - com.wangwei.spring_init.SpringInitApplication:650 - The following profiles are active: prod
2019-06-25 09:20:22 - [main] - INFO  - o.s.boot.web.embedded.tomcat.TomcatWebServer:90 - Tomcat initialized with port(s): 9000 (http)
2019-06-25 09:20:22 - [main] - INFO  - org.apache.coyote.http11.Http11NioProtocol:173 - Initializing ProtocolHandler ["http-nio-9000"]
2019-06-25 09:20:22 - [main] - INFO  - org.apache.catalina.core.StandardService:173 - Starting service [Tomcat]
2019-06-25 09:20:22 - [main] - INFO  - org.apache.catalina.core.StandardEngine:173 - Starting Servlet engine: [Apache Tomcat/9.0.21]
2019-06-25 09:20:22 - [main] - INFO  - o.a.c.core.ContainerBase.[Tomcat].[localhost].[/]:173 - Initializing Spring embedded WebApplicationContext
2019-06-25 09:20:22 - [main] - INFO  - org.springframework.web.context.ContextLoader:283 - Root WebApplicationContext: initialization completed in 961 ms
2019-06-25 09:20:22 - [main] - DEBUG - c.w.s.c.EmpConfig$$EnhancerBySpringCGLIB$$9e8d630:14 - @bean加载
2019-06-25 09:20:22 - [main] - INFO  - o.s.scheduling.concurrent.ThreadPoolTaskExecutor:171 - Initializing ExecutorService 'applicationTaskExecutor'
2019-06-25 09:20:23 - [main] - INFO  - org.apache.coyote.http11.Http11NioProtocol:173 - Starting ProtocolHandler ["http-nio-9000"]
2019-06-25 09:20:23 - [main] - INFO  - o.s.boot.web.embedded.tomcat.TomcatWebServer:202 - Tomcat started on port(s): 9000 (http) with context path ''
2019-06-25 09:20:23 - [main] - INFO  - com.wangwei.spring_init.SpringInitApplication:59 - Started SpringInitApplication in 2.081 seconds (JVM running for 2.84)
2019-06-25 09:20:32 - [Thread-7] - INFO  - o.s.scheduling.concurrent.ThreadPoolTaskExecutor:208 - Shutting down ExecutorService 'applicationTaskExecutor'
2019-06-25 09:21:35 - [main] - INFO  - com.wangwei.spring_init.SpringInitApplication:50 - Starting SpringInitApplication on wangweideMacBook-Pro.local with PID 31597 (/Users/wangwei/IdeaProjects/spring-study/spring_init/target/classes started by wangwei in /Users/wangwei/IdeaProjects/spring-study/spring_init)
2019-06-25 09:21:35 - [main] - DEBUG - com.wangwei.spring_init.SpringInitApplication:53 - Running with Spring Boot v2.1.6.RELEASE, Spring v5.1.8.RELEASE
2019-06-25 09:21:35 - [main] - INFO  - com.wangwei.spring_init.SpringInitApplication:650 - The following profiles are active: prod
2019-06-25 09:21:35 - [main] - INFO  - o.s.boot.web.embedded.tomcat.TomcatWebServer:90 - Tomcat initialized with port(s): 9010 (http)
2019-06-25 09:21:35 - [main] - INFO  - org.apache.coyote.http11.Http11NioProtocol:173 - Initializing ProtocolHandler ["http-nio-9010"]
2019-06-25 09:21:35 - [main] - INFO  - org.apache.catalina.core.StandardService:173 - Starting service [Tomcat]
2019-06-25 09:21:35 - [main] - INFO  - org.apache.catalina.core.StandardEngine:173 - Starting Servlet engine: [Apache Tomcat/9.0.21]
2019-06-25 09:21:36 - [main] - INFO  - o.a.c.core.ContainerBase.[Tomcat].[localhost].[/]:173 - Initializing Spring embedded WebApplicationContext
2019-06-25 09:21:36 - [main] - INFO  - org.springframework.web.context.ContextLoader:283 - Root WebApplicationContext: initialization completed in 785 ms
2019-06-25 09:21:36 - [main] - DEBUG - c.w.s.c.EmpConfig$$EnhancerBySpringCGLIB$$a581e4cb:14 - @bean加载
2019-06-25 09:21:36 - [main] - INFO  - o.s.scheduling.concurrent.ThreadPoolTaskExecutor:171 - Initializing ExecutorService 'applicationTaskExecutor'
2019-06-25 09:21:36 - [main] - INFO  - org.apache.coyote.http11.Http11NioProtocol:173 - Starting ProtocolHandler ["http-nio-9010"]
2019-06-25 09:21:36 - [main] - INFO  - o.s.boot.web.embedded.tomcat.TomcatWebServer:202 - Tomcat started on port(s): 9010 (http) with context path ''
2019-06-25 09:21:36 - [main] - INFO  - com.wangwei.spring_init.SpringInitApplication:59 - Started SpringInitApplication in 1.649 seconds (JVM running for 2.11)
2019-06-25 09:22:13 - [Thread-7] - INFO  - o.s.scheduling.concurrent.ThreadPoolTaskExecutor:208 - Shutting down ExecutorService 'applicationTaskExecutor'
2019-06-25 09:22:31 - [main] - INFO  - com.wangwei.spring_init.SpringInitApplication:50 - Starting SpringInitApplication on wangweideMacBook-Pro.local with PID 31613 (/Users/wangwei/IdeaProjects/spring-study/spring_init/target/classes started by wangwei in /Users/wangwei/IdeaProjects/spring-study/spring_init)
2019-06-25 09:22:31 - [main] - DEBUG - com.wangwei.spring_init.SpringInitApplication:53 - Running with Spring Boot v2.1.6.RELEASE, Spring v5.1.8.RELEASE
2019-06-25 09:22:31 - [main] - INFO  - com.wangwei.spring_init.SpringInitApplication:650 - The following profiles are active: prod
2019-06-25 09:22:32 - [main] - INFO  - o.s.boot.web.embedded.tomcat.TomcatWebServer:90 - Tomcat initialized with port(s): 9010 (http)
2019-06-25 09:22:32 - [main] - INFO  - org.apache.coyote.http11.Http11NioProtocol:173 - Initializing ProtocolHandler ["http-nio-9010"]
2019-06-25 09:22:32 - [main] - INFO  - org.apache.catalina.core.StandardService:173 - Starting service [Tomcat]
2019-06-25 09:22:32 - [main] - INFO  - org.apache.catalina.core.StandardEngine:173 - Starting Servlet engine: [Apache Tomcat/9.0.21]
2019-06-25 09:22:32 - [main] - INFO  - o.a.c.core.ContainerBase.[Tomcat].[localhost].[/]:173 - Initializing Spring embedded WebApplicationContext
2019-06-25 09:22:32 - [main] - INFO  - org.springframework.web.context.ContextLoader:283 - Root WebApplicationContext: initialization completed in 751 ms
2019-06-25 09:22:32 - [main] - DEBUG - c.w.s.c.EmpConfig$$EnhancerBySpringCGLIB$$775010de:14 - @bean加载
2019-06-25 09:22:32 - [main] - INFO  - o.s.scheduling.concurrent.ThreadPoolTaskExecutor:171 - Initializing ExecutorService 'applicationTaskExecutor'
2019-06-25 09:22:32 - [main] - INFO  - org.apache.coyote.http11.Http11NioProtocol:173 - Starting ProtocolHandler ["http-nio-9010"]
2019-06-25 09:22:32 - [main] - INFO  - o.s.boot.web.embedded.tomcat.TomcatWebServer:202 - Tomcat started on port(s): 9010 (http) with context path ''
2019-06-25 09:22:32 - [main] - INFO  - com.wangwei.spring_init.SpringInitApplication:59 - Started SpringInitApplication in 1.613 seconds (JVM running for 2.215)
2019-06-25 09:22:34 - [Thread-7] - INFO  - o.s.scheduling.concurrent.ThreadPoolTaskExecutor:208 - Shutting down ExecutorService 'applicationTaskExecutor'
2019-06-25 09:22:39 - [main] - INFO  - com.wangwei.spring_init.SpringInitApplication:50 - Starting SpringInitApplication on wangweideMacBook-Pro.local with PID 31620 (/Users/wangwei/IdeaProjects/spring-study/spring_init/target/classes started by wangwei in /Users/wangwei/IdeaProjects/spring-study/spring_init)
2019-06-25 09:22:39 - [main] - DEBUG - com.wangwei.spring_init.SpringInitApplication:53 - Running with Spring Boot v2.1.6.RELEASE, Spring v5.1.8.RELEASE
2019-06-25 09:22:39 - [main] - INFO  - com.wangwei.spring_init.SpringInitApplication:650 - The following profiles are active: prod
2019-06-25 09:22:39 - [main] - INFO  - o.s.boot.web.embedded.tomcat.TomcatWebServer:90 - Tomcat initialized with port(s): 9020 (http)
2019-06-25 09:22:39 - [main] - INFO  - org.apache.coyote.http11.Http11NioProtocol:173 - Initializing ProtocolHandler ["http-nio-9020"]
2019-06-25 09:22:39 - [main] - INFO  - org.apache.catalina.core.StandardService:173 - Starting service [Tomcat]
2019-06-25 09:22:39 - [main] - INFO  - org.apache.catalina.core.StandardEngine:173 - Starting Servlet engine: [Apache Tomcat/9.0.21]
2019-06-25 09:22:40 - [main] - INFO  - o.a.c.core.ContainerBase.[Tomcat].[localhost].[/]:173 - Initializing Spring embedded WebApplicationContext
2019-06-25 09:22:40 - [main] - INFO  - org.springframework.web.context.ContextLoader:283 - Root WebApplicationContext: initialization completed in 801 ms
2019-06-25 09:22:40 - [main] - DEBUG - c.w.s.c.EmpConfig$$EnhancerBySpringCGLIB$$9e8d630:14 - @bean加载
2019-06-25 09:22:40 - [main] - INFO  - o.s.scheduling.concurrent.ThreadPoolTaskExecutor:171 - Initializing ExecutorService 'applicationTaskExecutor'
2019-06-25 09:22:40 - [main] - INFO  - org.apache.coyote.http11.Http11NioProtocol:173 - Starting ProtocolHandler ["http-nio-9020"]
2019-06-25 09:22:40 - [main] - INFO  - o.s.boot.web.embedded.tomcat.TomcatWebServer:202 - Tomcat started on port(s): 9020 (http) with context path ''
2019-06-25 09:22:40 - [main] - INFO  - com.wangwei.spring_init.SpringInitApplication:59 - Started SpringInitApplication in 1.626 seconds (JVM running for 2.053)
2019-06-25 09:23:16 - [Thread-6] - INFO  - o.s.scheduling.concurrent.ThreadPoolTaskExecutor:208 - Shutting down ExecutorService 'applicationTaskExecutor'
2019-06-25 09:23:17 - [main] - INFO  - com.wangwei.spring_init.SpringInitApplication:50 - Starting SpringInitApplication on wangweideMacBook-Pro.local with PID 31636 (/Users/wangwei/IdeaProjects/spring-study/spring_init/target/classes started by wangwei in /Users/wangwei/IdeaProjects/spring-study/spring_init)
2019-06-25 09:23:17 - [main] - DEBUG - com.wangwei.spring_init.SpringInitApplication:53 - Running with Spring Boot v2.1.6.RELEASE, Spring v5.1.8.RELEASE
2019-06-25 09:23:17 - [main] - INFO  - com.wangwei.spring_init.SpringInitApplication:650 - The following profiles are active: prod
2019-06-25 09:23:18 - [main] - INFO  - o.s.boot.web.embedded.tomcat.TomcatWebServer:90 - Tomcat initialized with port(s): 9030 (http)
2019-06-25 09:23:18 - [main] - INFO  - org.apache.coyote.http11.Http11NioProtocol:173 - Initializing ProtocolHandler ["http-nio-9030"]
2019-06-25 09:23:18 - [main] - INFO  - org.apache.catalina.core.StandardService:173 - Starting service [Tomcat]
2019-06-25 09:23:18 - [main] - INFO  - org.apache.catalina.core.StandardEngine:173 - Starting Servlet engine: [Apache Tomcat/9.0.21]
2019-06-25 09:23:18 - [main] - INFO  - o.a.c.core.ContainerBase.[Tomcat].[localhost].[/]:173 - Initializing Spring embedded WebApplicationContext
2019-06-25 09:23:18 - [main] - INFO  - org.springframework.web.context.ContextLoader:283 - Root WebApplicationContext: initialization completed in 763 ms
2019-06-25 09:23:18 - [main] - DEBUG - c.w.s.c.EmpConfig$$EnhancerBySpringCGLIB$$c8b5fd32:14 - @bean加载
2019-06-25 09:23:18 - [main] - INFO  - o.s.scheduling.concurrent.ThreadPoolTaskExecutor:171 - Initializing ExecutorService 'applicationTaskExecutor'
2019-06-25 09:23:18 - [main] - INFO  - org.apache.coyote.http11.Http11NioProtocol:173 - Starting ProtocolHandler ["http-nio-9030"]
2019-06-25 09:23:19 - [main] - INFO  - o.s.boot.web.embedded.tomcat.TomcatWebServer:202 - Tomcat started on port(s): 9030 (http) with context path ''
2019-06-25 09:23:19 - [main] - INFO  - com.wangwei.spring_init.SpringInitApplication:59 - Started SpringInitApplication in 1.604 seconds (JVM running for 2.066)
2019-06-25 09:32:16 - [Thread-6] - INFO  - o.s.scheduling.concurrent.ThreadPoolTaskExecutor:208 - Shutting down ExecutorService 'applicationTaskExecutor'
2019-06-25 09:33:06 - [main] - INFO  - com.wangwei.spring_init.SpringInitApplication:50 - Starting SpringInitApplication on wangweideMacBook-Pro.local with PID 31706 (/Users/wangwei/IdeaProjects/spring-study/spring_init/target/classes started by wangwei in /Users/wangwei/IdeaProjects/spring-study/spring_init)
2019-06-25 09:33:06 - [main] - DEBUG - com.wangwei.spring_init.SpringInitApplication:53 - Running with Spring Boot v2.1.6.RELEASE, Spring v5.1.8.RELEASE
2019-06-25 09:33:06 - [main] - INFO  - com.wangwei.spring_init.SpringInitApplication:650 - The following profiles are active: prod
2019-06-25 09:33:07 - [main] - INFO  - o.s.boot.web.embedded.tomcat.TomcatWebServer:90 - Tomcat initialized with port(s): 9030 (http)
2019-06-25 09:33:07 - [main] - INFO  - org.apache.coyote.http11.Http11NioProtocol:173 - Initializing ProtocolHandler ["http-nio-9030"]
2019-06-25 09:33:07 - [main] - INFO  - org.apache.catalina.core.StandardService:173 - Starting service [Tomcat]
2019-06-25 09:33:07 - [main] - INFO  - org.apache.catalina.core.StandardEngine:173 - Starting Servlet engine: [Apache Tomcat/9.0.21]
2019-06-25 09:33:07 - [main] - INFO  - o.a.c.core.ContainerBase.[Tomcat].[localhost].[/]:173 - Initializing Spring embedded WebApplicationContext
2019-06-25 09:33:07 - [main] - INFO  - org.springframework.web.context.ContextLoader:283 - Root WebApplicationContext: initialization completed in 888 ms
2019-06-25 09:33:07 - [main] - DEBUG - c.w.s.c.EmpConfig$$EnhancerBySpringCGLIB$$560a36d5:14 - @bean加载
2019-06-25 09:33:07 - [main] - INFO  - o.s.scheduling.concurrent.ThreadPoolTaskExecutor:171 - Initializing ExecutorService 'applicationTaskExecutor'
2019-06-25 09:33:07 - [main] - INFO  - org.apache.coyote.http11.Http11NioProtocol:173 - Starting ProtocolHandler ["http-nio-9030"]
2019-06-25 09:33:07 - [main] - INFO  - o.s.boot.web.embedded.tomcat.TomcatWebServer:202 - Tomcat started on port(s): 9030 (http) with context path ''
2019-06-25 09:33:07 - [main] - INFO  - com.wangwei.spring_init.SpringInitApplication:59 - Started SpringInitApplication in 1.868 seconds (JVM running for 2.484)
2019-06-25 09:33:11 - [Thread-7] - INFO  - o.s.scheduling.concurrent.ThreadPoolTaskExecutor:208 - Shutting down ExecutorService 'applicationTaskExecutor'
2019-06-25 09:38:04 - [main] - INFO  - com.wangwei.spring_init.LogTest:50 - Starting LogTest on wangweideMacBook-Pro.local with PID 31767 (started by wangwei in /Users/wangwei/IdeaProjects/spring-study/spring_init)
2019-06-25 09:38:04 - [main] - DEBUG - com.wangwei.spring_init.LogTest:53 - Running with Spring Boot v2.1.6.RELEASE, Spring v5.1.8.RELEASE
2019-06-25 09:38:04 - [main] - INFO  - com.wangwei.spring_init.LogTest:650 - The following profiles are active: prod
2019-06-25 09:38:05 - [main] - DEBUG - c.w.s.c.EmpConfig$$EnhancerBySpringCGLIB$$d0227d42:14 - @bean加载
2019-06-25 09:38:05 - [main] - INFO  - o.s.scheduling.concurrent.ThreadPoolTaskExecutor:171 - Initializing ExecutorService 'applicationTaskExecutor'
2019-06-25 09:38:06 - [main] - INFO  - com.wangwei.spring_init.LogTest:59 - Started LogTest in 1.782 seconds (JVM running for 2.405)
2019-06-25 09:38:06 - [main] - DEBUG - com.wangwei.spring_init.LogTest:18 - debug日志
2019-06-25 09:38:06 - [main] - INFO  - com.wangwei.spring_init.LogTest:19 - info日志
2019-06-25 09:38:06 - [main] - WARN  - com.wangwei.spring_init.LogTest:20 - warn日志
2019-06-25 09:38:06 - [main] - ERROR - com.wangwei.spring_init.LogTest:21 - error日志
2019-06-25 09:38:06 - [main] - INFO  - o.s.b.t.context.SpringBootTestContextBootstrapper:308 - Neither @ContextConfiguration nor @ContextHierarchy found for test class [com.wangwei.spring_init.SpringInitApplicationTests], using SpringBootContextLoader
2019-06-25 09:38:06 - [main] - INFO  - o.s.test.context.support.AbstractContextLoader:264 - Could not detect default resource locations for test class [com.wangwei.spring_init.SpringInitApplicationTests]: no resource found for suffixes {-context.xml, Context.groovy}.
2019-06-25 09:38:06 - [main] - INFO  - o.s.t.c.support.AnnotationConfigContextLoaderUtils:83 - Could not detect default configuration classes for test class [com.wangwei.spring_init.SpringInitApplicationTests]: SpringInitApplicationTests does not declare any static, non-private, non-final, nested classes annotated with @Configuration.
2019-06-25 09:38:06 - [main] - INFO  - o.s.b.t.context.SpringBootTestContextBootstrapper:235 - Found @SpringBootConfiguration com.wangwei.spring_init.SpringInitApplication for test class com.wangwei.spring_init.SpringInitApplicationTests
2019-06-25 09:38:06 - [main] - INFO  - o.s.b.t.context.SpringBootTestContextBootstrapper:248 - Loaded default TestExecutionListener class names from location [META-INF/spring.factories]: [org.springframework.boot.test.mock.mockito.MockitoTestExecutionListener, org.springframework.boot.test.mock.mockito.ResetMocksTestExecutionListener, org.springframework.boot.test.autoconfigure.restdocs.RestDocsTestExecutionListener, org.springframework.boot.test.autoconfigure.web.client.MockRestServiceServerResetTestExecutionListener, org.springframework.boot.test.autoconfigure.web.servlet.MockMvcPrintOnlyOnFailureTestExecutionListener, org.springframework.boot.test.autoconfigure.web.servlet.WebDriverTestExecutionListener, org.springframework.test.context.web.ServletTestExecutionListener, org.springframework.test.context.support.DirtiesContextBeforeModesTestExecutionListener, org.springframework.test.context.support.DependencyInjectionTestExecutionListener, org.springframework.test.context.support.DirtiesContextTestExecutionListener, org.springframework.test.context.transaction.TransactionalTestExecutionListener, org.springframework.test.context.jdbc.SqlScriptsTestExecutionListener]
2019-06-25 09:38:06 - [main] - INFO  - o.s.b.t.context.SpringBootTestContextBootstrapper:177 - Using TestExecutionListeners: [org.springframework.test.context.web.ServletTestExecutionListener@396e6d9, org.springframework.test.context.support.DirtiesContextBeforeModesTestExecutionListener@75308740, org.springframework.boot.test.mock.mockito.MockitoTestExecutionListener@5acc9fdf, org.springframework.boot.test.autoconfigure.SpringBootDependencyInjectionTestExecutionListener@3a5c2626, org.springframework.test.context.support.DirtiesContextTestExecutionListener@e48bf9a, org.springframework.boot.test.mock.mockito.ResetMocksTestExecutionListener@7fb33394, org.springframework.boot.test.autoconfigure.restdocs.RestDocsTestExecutionListener@41bf79da, org.springframework.boot.test.autoconfigure.web.client.MockRestServiceServerResetTestExecutionListener@1a891add, org.springframework.boot.test.autoconfigure.web.servlet.MockMvcPrintOnlyOnFailureTestExecutionListener@5176d279, org.springframework.boot.test.autoconfigure.web.servlet.WebDriverTestExecutionListener@373f7450]
2019-06-25 09:38:06 - [Thread-2] - INFO  - o.s.scheduling.concurrent.ThreadPoolTaskExecutor:208 - Shutting down ExecutorService 'applicationTaskExecutor'
2019-06-25 09:39:09 - [main] - INFO  - com.wangwei.spring_init.SpringInitApplication:50 - Starting SpringInitApplication on wangweideMacBook-Pro.local with PID 31779 (/Users/wangwei/IdeaProjects/spring-study/spring_init/target/classes started by wangwei in /Users/wangwei/IdeaProjects/spring-study/spring_init)
2019-06-25 09:39:09 - [main] - DEBUG - com.wangwei.spring_init.SpringInitApplication:53 - Running with Spring Boot v2.1.6.RELEASE, Spring v5.1.8.RELEASE
2019-06-25 09:39:09 - [main] - INFO  - com.wangwei.spring_init.SpringInitApplication:650 - The following profiles are active: prod
2019-06-25 09:39:09 - [main] - INFO  - o.s.boot.web.embedded.tomcat.TomcatWebServer:90 - Tomcat initialized with port(s): 9030 (http)
2019-06-25 09:39:09 - [main] - INFO  - org.apache.coyote.http11.Http11NioProtocol:173 - Initializing ProtocolHandler ["http-nio-9030"]
2019-06-25 09:39:09 - [main] - INFO  - org.apache.catalina.core.StandardService:173 - Starting service [Tomcat]
2019-06-25 09:39:09 - [main] - INFO  - org.apache.catalina.core.StandardEngine:173 - Starting Servlet engine: [Apache Tomcat/9.0.21]
2019-06-25 09:39:09 - [main] - INFO  - o.a.c.core.ContainerBase.[Tomcat].[localhost].[/]:173 - Initializing Spring embedded WebApplicationContext
2019-06-25 09:39:09 - [main] - INFO  - org.springframework.web.context.ContextLoader:283 - Root WebApplicationContext: initialization completed in 785 ms
2019-06-25 09:39:10 - [main] - DEBUG - c.w.s.c.EmpConfig$$EnhancerBySpringCGLIB$$e2c251d2:14 - @bean加载
2019-06-25 09:39:10 - [main] - INFO  - o.s.scheduling.concurrent.ThreadPoolTaskExecutor:171 - Initializing ExecutorService 'applicationTaskExecutor'
2019-06-25 09:39:10 - [main] - INFO  - org.apache.coyote.http11.Http11NioProtocol:173 - Starting ProtocolHandler ["http-nio-9030"]
2019-06-25 09:39:10 - [main] - INFO  - o.s.boot.web.embedded.tomcat.TomcatWebServer:202 - Tomcat started on port(s): 9030 (http) with context path ''
2019-06-25 09:39:10 - [main] - INFO  - com.wangwei.spring_init.SpringInitApplication:59 - Started SpringInitApplication in 1.643 seconds (JVM running for 2.081)
2019-06-25 09:43:13 - [Thread-6] - INFO  - o.s.scheduling.concurrent.ThreadPoolTaskExecutor:208 - Shutting down ExecutorService 'applicationTaskExecutor'
2019-06-25 09:43:34 - [main] - INFO  - com.wangwei.spring_init.SpringInitApplication:50 - Starting SpringInitApplication on wangweideMacBook-Pro.local with PID 31824 (/Users/wangwei/IdeaProjects/spring-study/spring_init/target/classes started by wangwei in /Users/wangwei/IdeaProjects/spring-study/spring_init)
2019-06-25 09:43:34 - [main] - DEBUG - com.wangwei.spring_init.SpringInitApplication:53 - Running with Spring Boot v2.1.6.RELEASE, Spring v5.1.8.RELEASE
2019-06-25 09:43:34 - [main] - INFO  - com.wangwei.spring_init.SpringInitApplication:650 - The following profiles are active: prod
2019-06-25 09:43:35 - [main] - INFO  - o.s.boot.web.embedded.tomcat.TomcatWebServer:90 - Tomcat initialized with port(s): 9030 (http)
2019-06-25 09:43:35 - [main] - INFO  - org.apache.coyote.http11.Http11NioProtocol:173 - Initializing ProtocolHandler ["http-nio-9030"]
2019-06-25 09:43:35 - [main] - INFO  - org.apache.catalina.core.StandardService:173 - Starting service [Tomcat]
2019-06-25 09:43:35 - [main] - INFO  - org.apache.catalina.core.StandardEngine:173 - Starting Servlet engine: [Apache Tomcat/9.0.21]
2019-06-25 09:43:35 - [main] - INFO  - o.a.c.core.ContainerBase.[Tomcat].[localhost].[/]:173 - Initializing Spring embedded WebApplicationContext
2019-06-25 09:43:35 - [main] - INFO  - org.springframework.web.context.ContextLoader:283 - Root WebApplicationContext: initialization completed in 741 ms
2019-06-25 09:43:35 - [main] - DEBUG - c.w.s.c.EmpConfig$$EnhancerBySpringCGLIB$$7d9a0ea:14 - @bean加载
2019-06-25 09:43:35 - [main] - INFO  - o.s.scheduling.concurrent.ThreadPoolTaskExecutor:171 - Initializing ExecutorService 'applicationTaskExecutor'
2019-06-25 09:43:35 - [main] - INFO  - org.apache.coyote.http11.Http11NioProtocol:173 - Starting ProtocolHandler ["http-nio-9030"]
2019-06-25 09:43:35 - [main] - INFO  - o.s.boot.web.embedded.tomcat.TomcatWebServer:202 - Tomcat started on port(s): 9030 (http) with context path ''
2019-06-25 09:43:35 - [main] - INFO  - com.wangwei.spring_init.SpringInitApplication:59 - Started SpringInitApplication in 1.617 seconds (JVM running for 2.224)
2019-06-25 09:46:10 - [Thread-7] - INFO  - o.s.scheduling.concurrent.ThreadPoolTaskExecutor:208 - Shutting down ExecutorService 'applicationTaskExecutor'
2019-06-25 09:46:12 - [main] - INFO  - com.wangwei.spring_init.SpringInitApplication:50 - Starting SpringInitApplication on wangweideMacBook-Pro.local with PID 31837 (/Users/wangwei/IdeaProjects/spring-study/spring_init/target/classes started by wangwei in /Users/wangwei/IdeaProjects/spring-study/spring_init)
2019-06-25 09:46:12 - [main] - DEBUG - com.wangwei.spring_init.SpringInitApplication:53 - Running with Spring Boot v2.1.6.RELEASE, Spring v5.1.8.RELEASE
2019-06-25 09:46:12 - [main] - INFO  - com.wangwei.spring_init.SpringInitApplication:650 - The following profiles are active: prod
2019-06-25 09:46:13 - [main] - INFO  - o.s.boot.web.embedded.tomcat.TomcatWebServer:90 - Tomcat initialized with port(s): 9030 (http)
2019-06-25 09:46:13 - [main] - INFO  - org.apache.coyote.http11.Http11NioProtocol:173 - Initializing ProtocolHandler ["http-nio-9030"]
2019-06-25 09:46:13 - [main] - INFO  - org.apache.catalina.core.StandardService:173 - Starting service [Tomcat]
2019-06-25 09:46:13 - [main] - INFO  - org.apache.catalina.core.StandardEngine:173 - Starting Servlet engine: [Apache Tomcat/9.0.21]
2019-06-25 09:46:13 - [main] - INFO  - o.a.c.core.ContainerBase.[Tomcat].[localhost].[/]:173 - Initializing Spring embedded WebApplicationContext
2019-06-25 09:46:13 - [main] - INFO  - org.springframework.web.context.ContextLoader:283 - Root WebApplicationContext: initialization completed in 735 ms
2019-06-25 09:46:13 - [main] - DEBUG - c.w.s.c.EmpConfig$$EnhancerBySpringCGLIB$$91e67c71:14 - @bean加载
2019-06-25 09:46:13 - [main] - INFO  - o.s.scheduling.concurrent.ThreadPoolTaskExecutor:171 - Initializing ExecutorService 'applicationTaskExecutor'
2019-06-25 09:46:13 - [main] - INFO  - org.apache.coyote.http11.Http11NioProtocol:173 - Starting ProtocolHandler ["http-nio-9030"]
2019-06-25 09:46:13 - [main] - INFO  - o.s.boot.web.embedded.tomcat.TomcatWebServer:202 - Tomcat started on port(s): 9030 (http) with context path ''
2019-06-25 09:46:13 - [main] - INFO  - com.wangwei.spring_init.SpringInitApplication:59 - Started SpringInitApplication in 1.606 seconds (JVM running for 2.217)
2019-06-25 09:47:42 - [Thread-7] - INFO  - o.s.scheduling.concurrent.ThreadPoolTaskExecutor:208 - Shutting down ExecutorService 'applicationTaskExecutor'
