2019-06-24 17:26:14 - [main] - INFO  - com.wangwei.spring_init.SpringInitApplication:50 - Starting SpringInitApplication on wangweideMacBook-Pro.local with PID 31241 (/Users/wangwei/IdeaProjects/spring-study/spring_init/target/classes started by wangwei in /Users/wangwei/IdeaProjects/spring-study/spring_init)
2019-06-24 17:26:14 - [main] - DEBUG - com.wangwei.spring_init.SpringInitApplication:53 - Running with Spring Boot v2.1.6.RELEASE, Spring v5.1.8.RELEASE
2019-06-24 17:26:14 - [main] - INFO  - com.wangwei.spring_init.SpringInitApplication:650 - The following profiles are active: dev
2019-06-24 17:26:15 - [main] - INFO  - org.apache.coyote.http11.Http11NioProtocol:173 - Initializing ProtocolHandler ["http-nio-8888"]
2019-06-24 17:26:15 - [main] - INFO  - org.apache.catalina.core.StandardService:173 - Starting service [Tomcat]
2019-06-24 17:26:15 - [main] - INFO  - org.apache.catalina.core.StandardEngine:173 - Starting Servlet engine: [Apache Tomcat/9.0.21]
2019-06-24 17:26:15 - [main] - INFO  - o.a.c.core.ContainerBase.[Tomcat].[localhost].[/]:173 - Initializing Spring embedded WebApplicationContext
2019-06-24 17:26:15 - [main] - DEBUG - c.w.s.c.EmpConfig$$EnhancerBySpringCGLIB$$211653d3:14 - @bean加载
2019-06-24 17:26:15 - [main] - INFO  - org.apache.coyote.http11.Http11NioProtocol:173 - Starting ProtocolHandler ["http-nio-8888"]
2019-06-24 17:26:15 - [main] - INFO  - com.wangwei.spring_init.SpringInitApplication:59 - Started SpringInitApplication in 1.531 seconds (JVM running for 2.055)
2019-06-24 17:26:31 - [main] - INFO  - com.wangwei.spring_init.SpringInitApplication:50 - Starting SpringInitApplication on wangweideMacBook-Pro.local with PID 31247 (/Users/wangwei/IdeaProjects/spring-study/spring_init/target/classes started by wangwei in /Users/wangwei/IdeaProjects/spring-study/spring_init)
2019-06-24 17:26:31 - [main] - DEBUG - com.wangwei.spring_init.SpringInitApplication:53 - Running with Spring Boot v2.1.6.RELEASE, Spring v5.1.8.RELEASE
2019-06-24 17:26:31 - [main] - INFO  - com.wangwei.spring_init.SpringInitApplication:650 - The following profiles are active: prod
2019-06-24 17:26:32 - [main] - INFO  - org.apache.coyote.http11.Http11NioProtocol:173 - Initializing ProtocolHandler ["http-nio-8080"]
2019-06-24 17:26:32 - [main] - INFO  - org.apache.catalina.core.StandardService:173 - Starting service [Tomcat]
2019-06-24 17:26:32 - [main] - INFO  - org.apache.catalina.core.StandardEngine:173 - Starting Servlet engine: [Apache Tomcat/9.0.21]
2019-06-24 17:26:32 - [main] - INFO  - o.a.c.core.ContainerBase.[Tomcat].[localhost].[/]:173 - Initializing Spring embedded WebApplicationContext
2019-06-24 17:26:32 - [main] - DEBUG - c.w.s.c.EmpConfig$$EnhancerBySpringCGLIB$$83b2bc4f:14 - @bean加载
2019-06-24 17:26:33 - [main] - INFO  - org.apache.coyote.http11.Http11NioProtocol:173 - Starting ProtocolHandler ["http-nio-8080"]
2019-06-24 17:26:33 - [main] - INFO  - com.wangwei.spring_init.SpringInitApplication:59 - Started SpringInitApplication in 1.525 seconds (JVM running for 2.023)
2019-06-24 17:28:04 - [main] - INFO  - com.wangwei.spring_init.SpringInitApplication:50 - Starting SpringInitApplication on wangweideMacBook-Pro.local with PID 31257 (/Users/wangwei/IdeaProjects/spring-study/spring_init/target/classes started by wangwei in /Users/wangwei/IdeaProjects/spring-study/spring_init)
2019-06-24 17:28:04 - [main] - DEBUG - com.wangwei.spring_init.SpringInitApplication:53 - Running with Spring Boot v2.1.6.RELEASE, Spring v5.1.8.RELEASE
2019-06-24 17:28:04 - [main] - INFO  - com.wangwei.spring_init.SpringInitApplication:650 - The following profiles are active: dev
2019-06-24 17:28:05 - [main] - INFO  - org.apache.coyote.http11.Http11NioProtocol:173 - Initializing ProtocolHandler ["http-nio-8888"]
2019-06-24 17:28:05 - [main] - INFO  - org.apache.catalina.core.StandardService:173 - Starting service [Tomcat]
2019-06-24 17:28:05 - [main] - INFO  - org.apache.catalina.core.StandardEngine:173 - Starting Servlet engine: [Apache Tomcat/9.0.21]
2019-06-24 17:28:05 - [main] - INFO  - o.a.c.core.ContainerBase.[Tomcat].[localhost].[/]:173 - Initializing Spring embedded WebApplicationContext
2019-06-24 17:28:05 - [main] - DEBUG - c.w.s.c.EmpConfig$$EnhancerBySpringCGLIB$$f2730223:14 - @bean加载
2019-06-24 17:28:06 - [main] - INFO  - org.apache.coyote.http11.Http11NioProtocol:173 - Starting ProtocolHandler ["http-nio-8888"]
2019-06-24 17:28:06 - [main] - INFO  - com.wangwei.spring_init.SpringInitApplication:59 - Started SpringInitApplication in 1.535 seconds (JVM running for 2.183)
2019-06-24 17:29:05 - [main] - INFO  - org.apache.coyote.http11.Http11NioProtocol:173 - Initializing ProtocolHandler ["http-nio-8888"]
2019-06-24 17:29:05 - [main] - INFO  - org.apache.catalina.core.StandardService:173 - Starting service [Tomcat]
2019-06-24 17:29:05 - [main] - INFO  - org.apache.catalina.core.StandardEngine:173 - Starting Servlet engine: [Apache Tomcat/9.0.21]
2019-06-24 17:29:05 - [main] - INFO  - o.a.c.core.ContainerBase.[Tomcat].[localhost].[/]:173 - Initializing Spring embedded WebApplicationContext
2019-06-24 17:29:05 - [main] - INFO  - org.apache.coyote.http11.Http11NioProtocol:173 - Starting ProtocolHandler ["http-nio-8888"]
2019-06-24 17:30:43 - [main] - INFO  - com.wangwei.spring_init.SpringInitApplication:50 - Starting SpringInitApplication on wangweideMacBook-Pro.local with PID 31279 (/Users/wangwei/IdeaProjects/spring-study/spring_init/target/classes started by wangwei in /Users/wangwei/IdeaProjects/spring-study/spring_init)
2019-06-24 17:30:43 - [main] - DEBUG - com.wangwei.spring_init.SpringInitApplication:53 - Running with Spring Boot v2.1.6.RELEASE, Spring v5.1.8.RELEASE
2019-06-24 17:30:43 - [main] - INFO  - com.wangwei.spring_init.SpringInitApplication:650 - The following profiles are active: prod
2019-06-24 17:30:44 - [main] - INFO  - o.s.boot.web.embedded.tomcat.TomcatWebServer:90 - Tomcat initialized with port(s): 8080 (http)
2019-06-24 17:30:44 - [main] - INFO  - org.apache.coyote.http11.Http11NioProtocol:173 - Initializing ProtocolHandler ["http-nio-8080"]
2019-06-24 17:30:44 - [main] - INFO  - org.apache.catalina.core.StandardService:173 - Starting service [Tomcat]
2019-06-24 17:30:44 - [main] - INFO  - org.apache.catalina.core.StandardEngine:173 - Starting Servlet engine: [Apache Tomcat/9.0.21]
2019-06-24 17:30:44 - [main] - INFO  - o.a.c.core.ContainerBase.[Tomcat].[localhost].[/]:173 - Initializing Spring embedded WebApplicationContext
2019-06-24 17:30:44 - [main] - INFO  - org.springframework.web.context.ContextLoader:283 - Root WebApplicationContext: initialization completed in 760 ms
2019-06-24 17:30:44 - [main] - DEBUG - c.w.s.c.EmpConfig$$EnhancerBySpringCGLIB$$faa8e16b:14 - @bean加载
2019-06-24 17:30:44 - [main] - INFO  - o.s.scheduling.concurrent.ThreadPoolTaskExecutor:171 - Initializing ExecutorService 'applicationTaskExecutor'
2019-06-24 17:30:44 - [main] - INFO  - org.apache.coyote.http11.Http11NioProtocol:173 - Starting ProtocolHandler ["http-nio-8080"]
2019-06-24 17:30:44 - [main] - INFO  - o.s.boot.web.embedded.tomcat.TomcatWebServer:202 - Tomcat started on port(s): 8080 (http) with context path ''
2019-06-24 17:30:44 - [main] - INFO  - com.wangwei.spring_init.SpringInitApplication:59 - Started SpringInitApplication in 1.582 seconds (JVM running for 2.011)
2019-06-24 17:31:37 - [Thread-6] - INFO  - o.s.scheduling.concurrent.ThreadPoolTaskExecutor:208 - Shutting down ExecutorService 'applicationTaskExecutor'
